2015-09-01 19:56:17,432 [INFO] from play.api.libs.concurrent.ActorSystemProvider in pool-6-thread-3 - Starting application default Akka system: application
2015-09-01 19:56:18,178 [INFO] from play.core.server.NettyServer$ in pool-6-thread-3 - Listening for HTTP on /0:0:0:0:0:0:0:0:9000
2015-09-01 19:56:33,560 - [INFO] - from play.api.libs.concurrent.ActorSystemProvider in ForkJoinPool-1-worker-1 
Starting application default Akka system: application

2015-09-01 19:56:34,939 - [INFO] - from play.api.Play$ in ForkJoinPool-1-worker-1 
Application started (Dev)

2015-09-01 19:57:09,519 - [ERROR] - from play.core.server.netty.PlayDefaultUpstreamHandler in application-akka.actor.default-dispatcher-10 
Cannot invoke the action
org.apache.commons.mail.EmailException: Sending the email to the following server failed : smtp.gmail.com:465
	at org.apache.commons.mail.Email.sendMimeMessage(Email.java:1401) ~[commons-email-1.3.1.jar:1.3.1]
	at org.apache.commons.mail.Email.send(Email.java:1428) ~[commons-email-1.3.1.jar:1.3.1]
	at com.whatamidoing.mail.mailer$send$.a(Mail.scala:73) ~[classes/:na]
	at com.whatamidoing.mail.EmailSenderService.sendChangePasswordLink(EmailSenderService.scala:78) ~[classes/:na]
	at controllers.UserAdminController.sendForgottenPasswordEmail(UserAdminController.scala:323) ~[classes/:na]
	at controllers.UserAdminController.controllers$UserAdminController$$findUserForForgottenPassword(UserAdminController.scala:305) ~[classes/:na]
	at controllers.UserAdminController$$anonfun$changePasswordRequest$1$$anonfun$apply$24.apply(UserAdminController.scala:286) ~[classes/:na]
	at controllers.UserAdminController$$anonfun$changePasswordRequest$1$$anonfun$apply$24.apply(UserAdminController.scala:285) ~[classes/:na]
	at play.api.data.Form.fold(Form.scala:139) ~[play_2.11.jar:2.4.0]
	at controllers.UserAdminController$$anonfun$changePasswordRequest$1.apply(UserAdminController.scala:279) ~[classes/:na]
	at controllers.UserAdminController$$anonfun$changePasswordRequest$1.apply(UserAdminController.scala:275) ~[classes/:na]
	at play.api.mvc.Action$.invokeBlock(Action.scala:533) ~[play_2.11.jar:2.4.0]
	at play.api.mvc.Action$.invokeBlock(Action.scala:530) ~[play_2.11.jar:2.4.0]
	at play.api.mvc.ActionBuilder$$anon$1.apply(Action.scala:493) ~[play_2.11.jar:2.4.0]
	at play.api.mvc.Action$$anonfun$apply$1$$anonfun$apply$4$$anonfun$apply$5.apply(Action.scala:105) ~[play_2.11.jar:2.4.0]
	at play.api.mvc.Action$$anonfun$apply$1$$anonfun$apply$4$$anonfun$apply$5.apply(Action.scala:105) ~[play_2.11.jar:2.4.0]
	at play.utils.Threads$.withContextClassLoader(Threads.scala:21) ~[play_2.11.jar:2.4.0]
	at play.api.mvc.Action$$anonfun$apply$1$$anonfun$apply$4.apply(Action.scala:104) ~[play_2.11.jar:2.4.0]
	at play.api.mvc.Action$$anonfun$apply$1$$anonfun$apply$4.apply(Action.scala:103) ~[play_2.11.jar:2.4.0]
	at scala.Option.map(Option.scala:146) ~[scala-library-2.11.7.jar:na]
	at play.api.mvc.Action$$anonfun$apply$1.apply(Action.scala:103) ~[play_2.11.jar:2.4.0]
	at play.api.mvc.Action$$anonfun$apply$1.apply(Action.scala:96) ~[play_2.11.jar:2.4.0]
	at play.api.libs.iteratee.Iteratee$$anonfun$mapM$1.apply(Iteratee.scala:524) ~[play-iteratees_2.11.jar:2.4.0]
	at play.api.libs.iteratee.Iteratee$$anonfun$mapM$1.apply(Iteratee.scala:524) ~[play-iteratees_2.11.jar:2.4.0]
	at play.api.libs.iteratee.Iteratee$$anonfun$flatMapM$1.apply(Iteratee.scala:560) ~[play-iteratees_2.11.jar:2.4.0]
	at play.api.libs.iteratee.Iteratee$$anonfun$flatMapM$1.apply(Iteratee.scala:560) ~[play-iteratees_2.11.jar:2.4.0]
	at play.api.libs.iteratee.Iteratee$$anonfun$flatMap$1$$anonfun$apply$14.apply(Iteratee.scala:537) ~[play-iteratees_2.11.jar:2.4.0]
	at play.api.libs.iteratee.Iteratee$$anonfun$flatMap$1$$anonfun$apply$14.apply(Iteratee.scala:537) ~[play-iteratees_2.11.jar:2.4.0]
	at scala.concurrent.impl.Future$PromiseCompletingRunnable.liftedTree1$1(Future.scala:24) ~[scala-library-2.11.7.jar:na]
	at scala.concurrent.impl.Future$PromiseCompletingRunnable.run(Future.scala:24) ~[scala-library-2.11.7.jar:na]
	at akka.dispatch.TaskInvocation.run(AbstractDispatcher.scala:40) [akka-actor_2.11.jar:na]
	at akka.dispatch.ForkJoinExecutorConfigurator$AkkaForkJoinTask.exec(AbstractDispatcher.scala:397) [akka-actor_2.11.jar:na]
	at scala.concurrent.forkjoin.ForkJoinTask.doExec(ForkJoinTask.java:260) [scala-library-2.11.7.jar:na]
	at scala.concurrent.forkjoin.ForkJoinPool$WorkQueue.runTask(ForkJoinPool.java:1339) [scala-library-2.11.7.jar:na]
	at scala.concurrent.forkjoin.ForkJoinPool.runWorker(ForkJoinPool.java:1979) [scala-library-2.11.7.jar:na]
	at scala.concurrent.forkjoin.ForkJoinWorkerThread.run(ForkJoinWorkerThread.java:107) [scala-library-2.11.7.jar:na]
Caused by: javax.mail.AuthenticationFailedException: 535-5.7.8 Username and Password not accepted. Learn more at
535 5.7.8  https://support.google.com/mail/answer/14257 gt10sm4065526wib.20 - gsmtp

	at com.sun.mail.smtp.SMTPTransport$Authenticator.authenticate(SMTPTransport.java:823) ~[mail-1.4.5.jar:1.4.5]
	at com.sun.mail.smtp.SMTPTransport.authenticate(SMTPTransport.java:756) ~[mail-1.4.5.jar:1.4.5]
	at com.sun.mail.smtp.SMTPTransport.protocolConnect(SMTPTransport.java:673) ~[mail-1.4.5.jar:1.4.5]
	at javax.mail.Service.connect(Service.java:317) ~[mail-1.4.5.jar:1.4.5]
	at javax.mail.Service.connect(Service.java:176) ~[mail-1.4.5.jar:1.4.5]
	at javax.mail.Service.connect(Service.java:125) ~[mail-1.4.5.jar:1.4.5]
	at javax.mail.Transport.send0(Transport.java:194) ~[mail-1.4.5.jar:1.4.5]
	at javax.mail.Transport.send(Transport.java:124) ~[mail-1.4.5.jar:1.4.5]
	at org.apache.commons.mail.Email.sendMimeMessage(Email.java:1391) ~[commons-email-1.3.1.jar:1.3.1]
	... 35 common frames omitted

2015-09-01 19:57:09,609 - [ERROR] - from application in application-akka.actor.default-dispatcher-10 


! @6nb3d8dd7 - Internal server error, for (POST) [/changePasswordRequest] ->
 
play.api.http.HttpErrorHandlerExceptions$$anon$1: Execution exception[[EmailException: Sending the email to the following server failed : smtp.gmail.com:465]]
	at play.api.http.HttpErrorHandlerExceptions$.throwableToUsefulException(HttpErrorHandler.scala:254) ~[play_2.11.jar:2.4.0]
	at play.api.http.DefaultHttpErrorHandler.onServerError(HttpErrorHandler.scala:180) ~[play_2.11.jar:2.4.0]
	at play.api.GlobalSettings$class.onError(GlobalSettings.scala:179) [play_2.11.jar:2.4.0]
	at play.api.mvc.WithFilters.onError(Filters.scala:93) [play_2.11.jar:2.4.0]
	at play.api.http.GlobalSettingsHttpErrorHandler.onServerError(HttpErrorHandler.scala:94) [play_2.11.jar:2.4.0]
	at play.core.server.netty.PlayDefaultUpstreamHandler$$anonfun$3.applyOrElse(PlayDefaultUpstreamHandler.scala:273) [play-netty-server_2.11.jar:2.4.0]
	at play.core.server.netty.PlayDefaultUpstreamHandler$$anonfun$3.applyOrElse(PlayDefaultUpstreamHandler.scala:269) [play-netty-server_2.11.jar:2.4.0]
	at scala.concurrent.Future$$anonfun$recoverWith$1.apply(Future.scala:344) [scala-library-2.11.7.jar:na]
	at scala.concurrent.Future$$anonfun$recoverWith$1.apply(Future.scala:343) [scala-library-2.11.7.jar:na]
	at scala.concurrent.impl.CallbackRunnable.run(Promise.scala:32) [scala-library-2.11.7.jar:na]
	at play.api.libs.iteratee.Execution$trampoline$.executeScheduled(Execution.scala:109) [play-iteratees_2.11.jar:2.4.0]
	at play.api.libs.iteratee.Execution$trampoline$.execute(Execution.scala:71) [play-iteratees_2.11.jar:2.4.0]
	at scala.concurrent.impl.CallbackRunnable.executeWithValue(Promise.scala:40) [scala-library-2.11.7.jar:na]
	at scala.concurrent.impl.Promise$DefaultPromise.tryComplete(Promise.scala:248) [scala-library-2.11.7.jar:na]
	at scala.concurrent.Promise$class.complete(Promise.scala:55) [scala-library-2.11.7.jar:na]
	at scala.concurrent.impl.Promise$DefaultPromise.complete(Promise.scala:153) [scala-library-2.11.7.jar:na]
	at scala.concurrent.impl.Future$PromiseCompletingRunnable.run(Future.scala:23) [scala-library-2.11.7.jar:na]
	at akka.dispatch.TaskInvocation.run(AbstractDispatcher.scala:40) [akka-actor_2.11.jar:na]
	at akka.dispatch.ForkJoinExecutorConfigurator$AkkaForkJoinTask.exec(AbstractDispatcher.scala:397) [akka-actor_2.11.jar:na]
	at scala.concurrent.forkjoin.ForkJoinTask.doExec(ForkJoinTask.java:260) [scala-library-2.11.7.jar:na]
	at scala.concurrent.forkjoin.ForkJoinPool$WorkQueue.runTask(ForkJoinPool.java:1339) [scala-library-2.11.7.jar:na]
	at scala.concurrent.forkjoin.ForkJoinPool.runWorker(ForkJoinPool.java:1979) [scala-library-2.11.7.jar:na]
	at scala.concurrent.forkjoin.ForkJoinWorkerThread.run(ForkJoinWorkerThread.java:107) [scala-library-2.11.7.jar:na]
Caused by: org.apache.commons.mail.EmailException: Sending the email to the following server failed : smtp.gmail.com:465
	at org.apache.commons.mail.Email.sendMimeMessage(Email.java:1401) ~[commons-email-1.3.1.jar:1.3.1]
	at org.apache.commons.mail.Email.send(Email.java:1428) ~[commons-email-1.3.1.jar:1.3.1]
	at com.whatamidoing.mail.mailer$send$.a(Mail.scala:73) ~[classes/:na]
	at com.whatamidoing.mail.EmailSenderService.sendChangePasswordLink(EmailSenderService.scala:78) ~[classes/:na]
	at controllers.UserAdminController.sendForgottenPasswordEmail(UserAdminController.scala:323) ~[classes/:na]
	at controllers.UserAdminController.controllers$UserAdminController$$findUserForForgottenPassword(UserAdminController.scala:305) ~[classes/:na]
	at controllers.UserAdminController$$anonfun$changePasswordRequest$1$$anonfun$apply$24.apply(UserAdminController.scala:286) ~[classes/:na]
	at controllers.UserAdminController$$anonfun$changePasswordRequest$1$$anonfun$apply$24.apply(UserAdminController.scala:285) ~[classes/:na]
	at play.api.data.Form.fold(Form.scala:139) ~[play_2.11.jar:2.4.0]
	at controllers.UserAdminController$$anonfun$changePasswordRequest$1.apply(UserAdminController.scala:279) ~[classes/:na]
	at controllers.UserAdminController$$anonfun$changePasswordRequest$1.apply(UserAdminController.scala:275) ~[classes/:na]
	at play.api.mvc.Action$.invokeBlock(Action.scala:533) ~[play_2.11.jar:2.4.0]
	at play.api.mvc.Action$.invokeBlock(Action.scala:530) ~[play_2.11.jar:2.4.0]
	at play.api.mvc.ActionBuilder$$anon$1.apply(Action.scala:493) ~[play_2.11.jar:2.4.0]
	at play.api.mvc.Action$$anonfun$apply$1$$anonfun$apply$4$$anonfun$apply$5.apply(Action.scala:105) ~[play_2.11.jar:2.4.0]
	at play.api.mvc.Action$$anonfun$apply$1$$anonfun$apply$4$$anonfun$apply$5.apply(Action.scala:105) ~[play_2.11.jar:2.4.0]
	at play.utils.Threads$.withContextClassLoader(Threads.scala:21) ~[play_2.11.jar:2.4.0]
	at play.api.mvc.Action$$anonfun$apply$1$$anonfun$apply$4.apply(Action.scala:104) ~[play_2.11.jar:2.4.0]
	at play.api.mvc.Action$$anonfun$apply$1$$anonfun$apply$4.apply(Action.scala:103) ~[play_2.11.jar:2.4.0]
	at scala.Option.map(Option.scala:146) ~[scala-library-2.11.7.jar:na]
	at play.api.mvc.Action$$anonfun$apply$1.apply(Action.scala:103) ~[play_2.11.jar:2.4.0]
	at play.api.mvc.Action$$anonfun$apply$1.apply(Action.scala:96) ~[play_2.11.jar:2.4.0]
	at play.api.libs.iteratee.Iteratee$$anonfun$mapM$1.apply(Iteratee.scala:524) ~[play-iteratees_2.11.jar:2.4.0]
	at play.api.libs.iteratee.Iteratee$$anonfun$mapM$1.apply(Iteratee.scala:524) ~[play-iteratees_2.11.jar:2.4.0]
	at play.api.libs.iteratee.Iteratee$$anonfun$flatMapM$1.apply(Iteratee.scala:560) ~[play-iteratees_2.11.jar:2.4.0]
	at play.api.libs.iteratee.Iteratee$$anonfun$flatMapM$1.apply(Iteratee.scala:560) ~[play-iteratees_2.11.jar:2.4.0]
	at play.api.libs.iteratee.Iteratee$$anonfun$flatMap$1$$anonfun$apply$14.apply(Iteratee.scala:537) ~[play-iteratees_2.11.jar:2.4.0]
	at play.api.libs.iteratee.Iteratee$$anonfun$flatMap$1$$anonfun$apply$14.apply(Iteratee.scala:537) ~[play-iteratees_2.11.jar:2.4.0]
	at scala.concurrent.impl.Future$PromiseCompletingRunnable.liftedTree1$1(Future.scala:24) [scala-library-2.11.7.jar:na]
	at scala.concurrent.impl.Future$PromiseCompletingRunnable.run(Future.scala:24) [scala-library-2.11.7.jar:na]
	... 6 common frames omitted
Caused by: javax.mail.AuthenticationFailedException: 535-5.7.8 Username and Password not accepted. Learn more at
535 5.7.8  https://support.google.com/mail/answer/14257 gt10sm4065526wib.20 - gsmtp

	at com.sun.mail.smtp.SMTPTransport$Authenticator.authenticate(SMTPTransport.java:823) ~[mail-1.4.5.jar:1.4.5]
	at com.sun.mail.smtp.SMTPTransport.authenticate(SMTPTransport.java:756) ~[mail-1.4.5.jar:1.4.5]
	at com.sun.mail.smtp.SMTPTransport.protocolConnect(SMTPTransport.java:673) ~[mail-1.4.5.jar:1.4.5]
	at javax.mail.Service.connect(Service.java:317) ~[mail-1.4.5.jar:1.4.5]
	at javax.mail.Service.connect(Service.java:176) ~[mail-1.4.5.jar:1.4.5]
	at javax.mail.Service.connect(Service.java:125) ~[mail-1.4.5.jar:1.4.5]
	at javax.mail.Transport.send0(Transport.java:194) ~[mail-1.4.5.jar:1.4.5]
	at javax.mail.Transport.send(Transport.java:124) ~[mail-1.4.5.jar:1.4.5]
	at org.apache.commons.mail.Email.sendMimeMessage(Email.java:1391) ~[commons-email-1.3.1.jar:1.3.1]
	... 35 common frames omitted

2015-09-01 19:59:58,242 - [INFO] - from play.api.libs.concurrent.ActorSystemProvider in application-akka.actor.default-dispatcher-3 
Shutdown application default Akka system: application

2015-09-01 19:59:58,605 - [INFO] - from play.api.libs.concurrent.ActorSystemProvider in application-akka.actor.default-dispatcher-3 
Starting application default Akka system: application

2015-09-01 19:59:58,867 - [INFO] - from play.api.Play$ in application-akka.actor.default-dispatcher-3 
Application started (Dev)

2015-09-01 19:59:59,486 - [ERROR] - from play.core.server.netty.PlayDefaultUpstreamHandler in application-akka.actor.default-dispatcher-5 
Cannot invoke the action
org.apache.commons.mail.EmailException: Sending the email to the following server failed : smtp.gmail.com:465
	at org.apache.commons.mail.Email.sendMimeMessage(Email.java:1401) ~[commons-email-1.3.1.jar:1.3.1]
	at org.apache.commons.mail.Email.send(Email.java:1428) ~[commons-email-1.3.1.jar:1.3.1]
	at com.whatamidoing.mail.mailer$send$.a(Mail.scala:73) ~[classes/:na]
	at com.whatamidoing.mail.EmailSenderService.sendChangePasswordLink(EmailSenderService.scala:78) ~[classes/:na]
	at controllers.UserAdminController.sendForgottenPasswordEmail(UserAdminController.scala:323) ~[classes/:2.4.0]
	at controllers.UserAdminController.controllers$UserAdminController$$findUserForForgottenPassword(UserAdminController.scala:305) ~[classes/:2.4.0]
	at controllers.UserAdminController$$anonfun$changePasswordRequest$1$$anonfun$apply$24.apply(UserAdminController.scala:286) ~[classes/:2.4.0]
	at controllers.UserAdminController$$anonfun$changePasswordRequest$1$$anonfun$apply$24.apply(UserAdminController.scala:285) ~[classes/:2.4.0]
	at play.api.data.Form.fold(Form.scala:139) ~[play_2.11.jar:2.4.0]
	at controllers.UserAdminController$$anonfun$changePasswordRequest$1.apply(UserAdminController.scala:279) ~[classes/:2.4.0]
	at controllers.UserAdminController$$anonfun$changePasswordRequest$1.apply(UserAdminController.scala:275) ~[classes/:2.4.0]
	at play.api.mvc.Action$.invokeBlock(Action.scala:533) ~[play_2.11.jar:2.4.0]
	at play.api.mvc.Action$.invokeBlock(Action.scala:530) ~[play_2.11.jar:2.4.0]
	at play.api.mvc.ActionBuilder$$anon$1.apply(Action.scala:493) ~[play_2.11.jar:2.4.0]
	at play.api.mvc.Action$$anonfun$apply$1$$anonfun$apply$4$$anonfun$apply$5.apply(Action.scala:105) ~[play_2.11.jar:2.4.0]
	at play.api.mvc.Action$$anonfun$apply$1$$anonfun$apply$4$$anonfun$apply$5.apply(Action.scala:105) ~[play_2.11.jar:2.4.0]
	at play.utils.Threads$.withContextClassLoader(Threads.scala:21) ~[play_2.11.jar:2.4.0]
	at play.api.mvc.Action$$anonfun$apply$1$$anonfun$apply$4.apply(Action.scala:104) ~[play_2.11.jar:2.4.0]
	at play.api.mvc.Action$$anonfun$apply$1$$anonfun$apply$4.apply(Action.scala:103) ~[play_2.11.jar:2.4.0]
	at scala.Option.map(Option.scala:146) ~[scala-library-2.11.7.jar:na]
	at play.api.mvc.Action$$anonfun$apply$1.apply(Action.scala:103) ~[play_2.11.jar:2.4.0]
	at play.api.mvc.Action$$anonfun$apply$1.apply(Action.scala:96) ~[play_2.11.jar:2.4.0]
	at play.api.libs.iteratee.Iteratee$$anonfun$mapM$1.apply(Iteratee.scala:524) ~[play-iteratees_2.11.jar:2.4.0]
	at play.api.libs.iteratee.Iteratee$$anonfun$mapM$1.apply(Iteratee.scala:524) ~[play-iteratees_2.11.jar:2.4.0]
	at play.api.libs.iteratee.Iteratee$$anonfun$flatMapM$1.apply(Iteratee.scala:560) ~[play-iteratees_2.11.jar:2.4.0]
	at play.api.libs.iteratee.Iteratee$$anonfun$flatMapM$1.apply(Iteratee.scala:560) ~[play-iteratees_2.11.jar:2.4.0]
	at play.api.libs.iteratee.Iteratee$$anonfun$flatMap$1$$anonfun$apply$14.apply(Iteratee.scala:537) ~[play-iteratees_2.11.jar:2.4.0]
	at play.api.libs.iteratee.Iteratee$$anonfun$flatMap$1$$anonfun$apply$14.apply(Iteratee.scala:537) ~[play-iteratees_2.11.jar:2.4.0]
	at scala.concurrent.impl.Future$PromiseCompletingRunnable.liftedTree1$1(Future.scala:24) ~[scala-library-2.11.7.jar:na]
	at scala.concurrent.impl.Future$PromiseCompletingRunnable.run(Future.scala:24) ~[scala-library-2.11.7.jar:na]
	at akka.dispatch.TaskInvocation.run(AbstractDispatcher.scala:40) [akka-actor_2.11.jar:na]
	at akka.dispatch.ForkJoinExecutorConfigurator$AkkaForkJoinTask.exec(AbstractDispatcher.scala:397) [akka-actor_2.11.jar:na]
	at scala.concurrent.forkjoin.ForkJoinTask.doExec(ForkJoinTask.java:260) [scala-library-2.11.7.jar:na]
	at scala.concurrent.forkjoin.ForkJoinPool$WorkQueue.runTask(ForkJoinPool.java:1339) [scala-library-2.11.7.jar:na]
	at scala.concurrent.forkjoin.ForkJoinPool.runWorker(ForkJoinPool.java:1979) [scala-library-2.11.7.jar:na]
	at scala.concurrent.forkjoin.ForkJoinWorkerThread.run(ForkJoinWorkerThread.java:107) [scala-library-2.11.7.jar:na]
Caused by: javax.mail.AuthenticationFailedException: 535-5.7.8 Username and Password not accepted. Learn more at
535 5.7.8  https://support.google.com/mail/answer/14257 sd14sm10396866wjb.36 - gsmtp

	at com.sun.mail.smtp.SMTPTransport$Authenticator.authenticate(SMTPTransport.java:823) ~[mail-1.4.5.jar:1.4.5]
	at com.sun.mail.smtp.SMTPTransport.authenticate(SMTPTransport.java:756) ~[mail-1.4.5.jar:1.4.5]
	at com.sun.mail.smtp.SMTPTransport.protocolConnect(SMTPTransport.java:673) ~[mail-1.4.5.jar:1.4.5]
	at javax.mail.Service.connect(Service.java:317) ~[mail-1.4.5.jar:1.4.5]
	at javax.mail.Service.connect(Service.java:176) ~[mail-1.4.5.jar:1.4.5]
	at javax.mail.Service.connect(Service.java:125) ~[mail-1.4.5.jar:1.4.5]
	at javax.mail.Transport.send0(Transport.java:194) ~[mail-1.4.5.jar:1.4.5]
	at javax.mail.Transport.send(Transport.java:124) ~[mail-1.4.5.jar:1.4.5]
	at org.apache.commons.mail.Email.sendMimeMessage(Email.java:1391) ~[commons-email-1.3.1.jar:1.3.1]
	... 35 common frames omitted

2015-09-01 19:59:59,490 - [ERROR] - from application in application-akka.actor.default-dispatcher-5 


! @6nb3di4lf - Internal server error, for (POST) [/changePasswordRequest] ->
 
play.api.http.HttpErrorHandlerExceptions$$anon$1: Execution exception[[EmailException: Sending the email to the following server failed : smtp.gmail.com:465]]
	at play.api.http.HttpErrorHandlerExceptions$.throwableToUsefulException(HttpErrorHandler.scala:254) ~[play_2.11.jar:2.4.0]
	at play.api.http.DefaultHttpErrorHandler.onServerError(HttpErrorHandler.scala:180) ~[play_2.11.jar:2.4.0]
	at play.api.GlobalSettings$class.onError(GlobalSettings.scala:179) [play_2.11.jar:2.4.0]
	at play.api.mvc.WithFilters.onError(Filters.scala:93) [play_2.11.jar:2.4.0]
	at play.api.http.GlobalSettingsHttpErrorHandler.onServerError(HttpErrorHandler.scala:94) [play_2.11.jar:2.4.0]
	at play.core.server.netty.PlayDefaultUpstreamHandler$$anonfun$3.applyOrElse(PlayDefaultUpstreamHandler.scala:273) [play-netty-server_2.11.jar:2.4.0]
	at play.core.server.netty.PlayDefaultUpstreamHandler$$anonfun$3.applyOrElse(PlayDefaultUpstreamHandler.scala:269) [play-netty-server_2.11.jar:2.4.0]
	at scala.concurrent.Future$$anonfun$recoverWith$1.apply(Future.scala:344) [scala-library-2.11.7.jar:na]
	at scala.concurrent.Future$$anonfun$recoverWith$1.apply(Future.scala:343) [scala-library-2.11.7.jar:na]
	at scala.concurrent.impl.CallbackRunnable.run(Promise.scala:32) [scala-library-2.11.7.jar:na]
	at play.api.libs.iteratee.Execution$trampoline$.executeScheduled(Execution.scala:109) [play-iteratees_2.11.jar:2.4.0]
	at play.api.libs.iteratee.Execution$trampoline$.execute(Execution.scala:71) [play-iteratees_2.11.jar:2.4.0]
	at scala.concurrent.impl.CallbackRunnable.executeWithValue(Promise.scala:40) [scala-library-2.11.7.jar:na]
	at scala.concurrent.impl.Promise$DefaultPromise.tryComplete(Promise.scala:248) [scala-library-2.11.7.jar:na]
	at scala.concurrent.Promise$class.complete(Promise.scala:55) [scala-library-2.11.7.jar:na]
	at scala.concurrent.impl.Promise$DefaultPromise.complete(Promise.scala:153) [scala-library-2.11.7.jar:na]
	at scala.concurrent.impl.Future$PromiseCompletingRunnable.run(Future.scala:23) [scala-library-2.11.7.jar:na]
	at akka.dispatch.TaskInvocation.run(AbstractDispatcher.scala:40) [akka-actor_2.11.jar:na]
	at akka.dispatch.ForkJoinExecutorConfigurator$AkkaForkJoinTask.exec(AbstractDispatcher.scala:397) [akka-actor_2.11.jar:na]
	at scala.concurrent.forkjoin.ForkJoinTask.doExec(ForkJoinTask.java:260) [scala-library-2.11.7.jar:na]
	at scala.concurrent.forkjoin.ForkJoinPool$WorkQueue.runTask(ForkJoinPool.java:1339) [scala-library-2.11.7.jar:na]
	at scala.concurrent.forkjoin.ForkJoinPool.runWorker(ForkJoinPool.java:1979) [scala-library-2.11.7.jar:na]
	at scala.concurrent.forkjoin.ForkJoinWorkerThread.run(ForkJoinWorkerThread.java:107) [scala-library-2.11.7.jar:na]
Caused by: org.apache.commons.mail.EmailException: Sending the email to the following server failed : smtp.gmail.com:465
	at org.apache.commons.mail.Email.sendMimeMessage(Email.java:1401) ~[commons-email-1.3.1.jar:1.3.1]
	at org.apache.commons.mail.Email.send(Email.java:1428) ~[commons-email-1.3.1.jar:1.3.1]
	at com.whatamidoing.mail.mailer$send$.a(Mail.scala:73) ~[classes/:na]
	at com.whatamidoing.mail.EmailSenderService.sendChangePasswordLink(EmailSenderService.scala:78) ~[classes/:na]
	at controllers.UserAdminController.sendForgottenPasswordEmail(UserAdminController.scala:323) ~[classes/:2.4.0]
	at controllers.UserAdminController.controllers$UserAdminController$$findUserForForgottenPassword(UserAdminController.scala:305) ~[classes/:2.4.0]
	at controllers.UserAdminController$$anonfun$changePasswordRequest$1$$anonfun$apply$24.apply(UserAdminController.scala:286) ~[classes/:2.4.0]
	at controllers.UserAdminController$$anonfun$changePasswordRequest$1$$anonfun$apply$24.apply(UserAdminController.scala:285) ~[classes/:2.4.0]
	at play.api.data.Form.fold(Form.scala:139) ~[play_2.11.jar:2.4.0]
	at controllers.UserAdminController$$anonfun$changePasswordRequest$1.apply(UserAdminController.scala:279) ~[classes/:2.4.0]
	at controllers.UserAdminController$$anonfun$changePasswordRequest$1.apply(UserAdminController.scala:275) ~[classes/:2.4.0]
	at play.api.mvc.Action$.invokeBlock(Action.scala:533) ~[play_2.11.jar:2.4.0]
	at play.api.mvc.Action$.invokeBlock(Action.scala:530) ~[play_2.11.jar:2.4.0]
	at play.api.mvc.ActionBuilder$$anon$1.apply(Action.scala:493) ~[play_2.11.jar:2.4.0]
	at play.api.mvc.Action$$anonfun$apply$1$$anonfun$apply$4$$anonfun$apply$5.apply(Action.scala:105) ~[play_2.11.jar:2.4.0]
	at play.api.mvc.Action$$anonfun$apply$1$$anonfun$apply$4$$anonfun$apply$5.apply(Action.scala:105) ~[play_2.11.jar:2.4.0]
	at play.utils.Threads$.withContextClassLoader(Threads.scala:21) ~[play_2.11.jar:2.4.0]
	at play.api.mvc.Action$$anonfun$apply$1$$anonfun$apply$4.apply(Action.scala:104) ~[play_2.11.jar:2.4.0]
	at play.api.mvc.Action$$anonfun$apply$1$$anonfun$apply$4.apply(Action.scala:103) ~[play_2.11.jar:2.4.0]
	at scala.Option.map(Option.scala:146) ~[scala-library-2.11.7.jar:na]
	at play.api.mvc.Action$$anonfun$apply$1.apply(Action.scala:103) ~[play_2.11.jar:2.4.0]
	at play.api.mvc.Action$$anonfun$apply$1.apply(Action.scala:96) ~[play_2.11.jar:2.4.0]
	at play.api.libs.iteratee.Iteratee$$anonfun$mapM$1.apply(Iteratee.scala:524) ~[play-iteratees_2.11.jar:2.4.0]
	at play.api.libs.iteratee.Iteratee$$anonfun$mapM$1.apply(Iteratee.scala:524) ~[play-iteratees_2.11.jar:2.4.0]
	at play.api.libs.iteratee.Iteratee$$anonfun$flatMapM$1.apply(Iteratee.scala:560) ~[play-iteratees_2.11.jar:2.4.0]
	at play.api.libs.iteratee.Iteratee$$anonfun$flatMapM$1.apply(Iteratee.scala:560) ~[play-iteratees_2.11.jar:2.4.0]
	at play.api.libs.iteratee.Iteratee$$anonfun$flatMap$1$$anonfun$apply$14.apply(Iteratee.scala:537) ~[play-iteratees_2.11.jar:2.4.0]
	at play.api.libs.iteratee.Iteratee$$anonfun$flatMap$1$$anonfun$apply$14.apply(Iteratee.scala:537) ~[play-iteratees_2.11.jar:2.4.0]
	at scala.concurrent.impl.Future$PromiseCompletingRunnable.liftedTree1$1(Future.scala:24) [scala-library-2.11.7.jar:na]
	at scala.concurrent.impl.Future$PromiseCompletingRunnable.run(Future.scala:24) [scala-library-2.11.7.jar:na]
	... 6 common frames omitted
Caused by: javax.mail.AuthenticationFailedException: 535-5.7.8 Username and Password not accepted. Learn more at
535 5.7.8  https://support.google.com/mail/answer/14257 sd14sm10396866wjb.36 - gsmtp

	at com.sun.mail.smtp.SMTPTransport$Authenticator.authenticate(SMTPTransport.java:823) ~[mail-1.4.5.jar:1.4.5]
	at com.sun.mail.smtp.SMTPTransport.authenticate(SMTPTransport.java:756) ~[mail-1.4.5.jar:1.4.5]
	at com.sun.mail.smtp.SMTPTransport.protocolConnect(SMTPTransport.java:673) ~[mail-1.4.5.jar:1.4.5]
	at javax.mail.Service.connect(Service.java:317) ~[mail-1.4.5.jar:1.4.5]
	at javax.mail.Service.connect(Service.java:176) ~[mail-1.4.5.jar:1.4.5]
	at javax.mail.Service.connect(Service.java:125) ~[mail-1.4.5.jar:1.4.5]
	at javax.mail.Transport.send0(Transport.java:194) ~[mail-1.4.5.jar:1.4.5]
	at javax.mail.Transport.send(Transport.java:124) ~[mail-1.4.5.jar:1.4.5]
	at org.apache.commons.mail.Email.sendMimeMessage(Email.java:1391) ~[commons-email-1.3.1.jar:1.3.1]
	... 35 common frames omitted

2015-09-01 20:00:27,758 - [INFO] - from play.api.libs.concurrent.ActorSystemProvider in application-akka.actor.default-dispatcher-3 
Shutdown application default Akka system: application

2015-09-01 20:00:27,999 - [INFO] - from play.api.libs.concurrent.ActorSystemProvider in application-akka.actor.default-dispatcher-3 
Starting application default Akka system: application

2015-09-01 20:00:28,229 - [INFO] - from play.api.Play$ in application-akka.actor.default-dispatcher-3 
Application started (Dev)

2015-09-01 20:07:06,269 - [INFO] - from controllers.UserAdminController in application-akka.actor.default-dispatcher-16 
--:Map(password -> ArrayBuffer(password), confirmPassword -> ArrayBuffer(password), changePasswordId -> ArrayBuffer(b5cf273c-50db-11e5-913d-005056c00008), email -> ArrayBuffer(kodjo_baah@hotmail.com))

2015-09-01 20:07:06,308 - [INFO] - from controllers.UserAdminController in application-akka.actor.default-dispatcher-16 
updating passowrd

2015-09-01 20:08:53,626 - [INFO] - from play.api.libs.concurrent.ActorSystemProvider in application-akka.actor.default-dispatcher-19 
Shutdown application default Akka system: application

2015-09-01 20:08:53,948 - [INFO] - from play.api.libs.concurrent.ActorSystemProvider in application-akka.actor.default-dispatcher-19 
Starting application default Akka system: application

2015-09-01 20:08:54,172 - [INFO] - from play.api.Play$ in application-akka.actor.default-dispatcher-19 
Application started (Dev)

2015-09-01 20:08:54,197 - [INFO] - from controllers.UserAdminController in application-akka.actor.default-dispatcher-4 
--:Map(password -> ArrayBuffer(password), confirmPassword -> ArrayBuffer(password), changePasswordId -> ArrayBuffer(b5cf273c-50db-11e5-913d-005056c00008), email -> ArrayBuffer(kodjo_baah@hotmail.com))

2015-09-01 20:09:28,707 - [INFO] - from application in application-akka.actor.default-dispatcher-11 
login

2015-09-01 20:09:28,882 - [INFO] - from application in application-akka.actor.default-dispatcher-11 
active token associated with user[Some(f8045a2d-50dc-11e5-913d-005056c00008)]

2015-09-01 20:09:29,764 - [INFO] - from application in application-akka.actor.default-dispatcher-9 
start[1440889200] end [1444518000]

2015-09-01 20:09:30,269 - [INFO] - from application in application-akka.actor.default-dispatcher-9 
events:List({"id":"a183a926-503f-11e5-ac0a-005056c00008","title":"a183a926-503f-11e5-ac0a-005056c00008","start":"2015-09-01T01:23:12.000+01:00","end":"2015-09-01T01:23:12.000+01:00","allDay":false}, {"id":"c012d787-503f-11e5-ac0a-005056c00008","title":"c012d787-503f-11e5-ac0a-005056c00008","start":"2015-09-01T01:24:04.000+01:00","end":"2015-09-01T01:24:04.000+01:00","allDay":false}, {"id":"857b2b28-5052-11e5-be33-005056c00008","title":"857b2b28-5052-11e5-be33-005056c00008","start":"2015-09-01T03:38:26.000+01:00","end":"2015-09-01T03:38:26.000+01:00","allDay":false}, {"id":"fa72b559-5052-11e5-8588-005056c00008","title":"fa72b559-5052-11e5-8588-005056c00008","start":"2015-09-01T03:41:42.000+01:00","end":"2015-09-01T03:41:42.000+01:00","allDay":false}, {"id":"eda8b7ca-5093-11e5-8588-005056c00008","title":"eda8b7ca-5093-11e5-8588-005056c00008","start":"2015-09-01T11:26:38.000+01:00","end":"2015-09-01T11:26:38.000+01:00","allDay":false}, {"id":"c1609570-50a0-11e5-9512-005056c00008","title":"c1609570-50a0-11e5-9512-005056c00008","start":"2015-09-01T12:58:27.000+01:00","end":"2015-09-01T12:58:27.000+01:00","allDay":false}, {"id":"bd2487a7-50a2-11e5-b4ac-005056c00008","title":"bd2487a7-50a2-11e5-b4ac-005056c00008","start":"2015-09-01T13:12:39.000+01:00","end":"2015-09-01T13:12:39.000+01:00","allDay":false}, {"id":"eff70052-50b6-11e5-ac6e-005056c00008","title":"eff70052-50b6-11e5-ac6e-005056c00008","start":"2015-09-01T15:37:14.000+01:00","end":"2015-09-01T15:37:14.000+01:00","allDay":false}, {"id":"8eabaefb-50ca-11e5-8af4-005056c00008","title":"8eabaefb-50ca-11e5-8af4-005056c00008","start":"2015-09-01T17:57:41.000+01:00","end":"2015-09-01T17:57:41.000+01:00","allDay":false}, {"id":"7f718885-50ce-11e5-86c8-005056c00008","title":"7f718885-50ce-11e5-86c8-005056c00008","start":"2015-09-01T18:25:53.000+01:00","end":"2015-09-01T18:25:53.000+01:00","allDay":false})

2015-09-01 20:31:02,616 - [INFO] - from play.api.libs.concurrent.ActorSystemProvider in application-akka.actor.default-dispatcher-14 
Shutdown application default Akka system: application

2015-09-01 20:31:02,860 - [INFO] - from play.api.libs.concurrent.ActorSystemProvider in application-akka.actor.default-dispatcher-14 
Starting application default Akka system: application

2015-09-01 20:31:03,196 - [INFO] - from play.api.Play$ in application-akka.actor.default-dispatcher-14 
Application started (Dev)

2015-09-01 20:31:04,581 - [INFO] - from application in application-akka.actor.default-dispatcher-9 
start[1440889200] end [1444518000]

2015-09-01 20:31:04,597 - [INFO] - from application in application-akka.actor.default-dispatcher-9 
events:List({"id":"a183a926-503f-11e5-ac0a-005056c00008","title":"a183a926-503f-11e5-ac0a-005056c00008","start":"2015-09-01T01:23:12.000+01:00","end":"2015-09-01T01:23:12.000+01:00","allDay":false}, {"id":"c012d787-503f-11e5-ac0a-005056c00008","title":"c012d787-503f-11e5-ac0a-005056c00008","start":"2015-09-01T01:24:04.000+01:00","end":"2015-09-01T01:24:04.000+01:00","allDay":false}, {"id":"857b2b28-5052-11e5-be33-005056c00008","title":"857b2b28-5052-11e5-be33-005056c00008","start":"2015-09-01T03:38:26.000+01:00","end":"2015-09-01T03:38:26.000+01:00","allDay":false}, {"id":"fa72b559-5052-11e5-8588-005056c00008","title":"fa72b559-5052-11e5-8588-005056c00008","start":"2015-09-01T03:41:42.000+01:00","end":"2015-09-01T03:41:42.000+01:00","allDay":false}, {"id":"eda8b7ca-5093-11e5-8588-005056c00008","title":"eda8b7ca-5093-11e5-8588-005056c00008","start":"2015-09-01T11:26:38.000+01:00","end":"2015-09-01T11:26:38.000+01:00","allDay":false}, {"id":"c1609570-50a0-11e5-9512-005056c00008","title":"c1609570-50a0-11e5-9512-005056c00008","start":"2015-09-01T12:58:27.000+01:00","end":"2015-09-01T12:58:27.000+01:00","allDay":false}, {"id":"bd2487a7-50a2-11e5-b4ac-005056c00008","title":"bd2487a7-50a2-11e5-b4ac-005056c00008","start":"2015-09-01T13:12:39.000+01:00","end":"2015-09-01T13:12:39.000+01:00","allDay":false}, {"id":"eff70052-50b6-11e5-ac6e-005056c00008","title":"eff70052-50b6-11e5-ac6e-005056c00008","start":"2015-09-01T15:37:14.000+01:00","end":"2015-09-01T15:37:14.000+01:00","allDay":false}, {"id":"8eabaefb-50ca-11e5-8af4-005056c00008","title":"8eabaefb-50ca-11e5-8af4-005056c00008","start":"2015-09-01T17:57:41.000+01:00","end":"2015-09-01T17:57:41.000+01:00","allDay":false}, {"id":"7f718885-50ce-11e5-86c8-005056c00008","title":"7f718885-50ce-11e5-86c8-005056c00008","start":"2015-09-01T18:25:53.000+01:00","end":"2015-09-01T18:25:53.000+01:00","allDay":false})

2015-09-01 20:44:51,328 - [INFO] - from play.api.libs.concurrent.ActorSystemProvider in application-akka.actor.default-dispatcher-8 
Shutdown application default Akka system: application

2015-09-01 20:44:51,561 - [INFO] - from play.api.libs.concurrent.ActorSystemProvider in application-akka.actor.default-dispatcher-8 
Starting application default Akka system: application

2015-09-01 20:44:51,833 - [INFO] - from play.api.Play$ in application-akka.actor.default-dispatcher-8 
Application started (Dev)

2015-09-01 20:44:52,638 - [INFO] - from application in application-akka.actor.default-dispatcher-3 
start[1440889200] end [1444518000]

2015-09-01 20:44:52,654 - [INFO] - from application in application-akka.actor.default-dispatcher-3 
events:List({"id":"a183a926-503f-11e5-ac0a-005056c00008","title":"a183a926-503f-11e5-ac0a-005056c00008","start":"2015-09-01T01:23:12.000+01:00","end":"2015-09-01T01:23:12.000+01:00","allDay":false}, {"id":"c012d787-503f-11e5-ac0a-005056c00008","title":"c012d787-503f-11e5-ac0a-005056c00008","start":"2015-09-01T01:24:04.000+01:00","end":"2015-09-01T01:24:04.000+01:00","allDay":false}, {"id":"857b2b28-5052-11e5-be33-005056c00008","title":"857b2b28-5052-11e5-be33-005056c00008","start":"2015-09-01T03:38:26.000+01:00","end":"2015-09-01T03:38:26.000+01:00","allDay":false}, {"id":"fa72b559-5052-11e5-8588-005056c00008","title":"fa72b559-5052-11e5-8588-005056c00008","start":"2015-09-01T03:41:42.000+01:00","end":"2015-09-01T03:41:42.000+01:00","allDay":false}, {"id":"eda8b7ca-5093-11e5-8588-005056c00008","title":"eda8b7ca-5093-11e5-8588-005056c00008","start":"2015-09-01T11:26:38.000+01:00","end":"2015-09-01T11:26:38.000+01:00","allDay":false}, {"id":"c1609570-50a0-11e5-9512-005056c00008","title":"c1609570-50a0-11e5-9512-005056c00008","start":"2015-09-01T12:58:27.000+01:00","end":"2015-09-01T12:58:27.000+01:00","allDay":false}, {"id":"bd2487a7-50a2-11e5-b4ac-005056c00008","title":"bd2487a7-50a2-11e5-b4ac-005056c00008","start":"2015-09-01T13:12:39.000+01:00","end":"2015-09-01T13:12:39.000+01:00","allDay":false}, {"id":"eff70052-50b6-11e5-ac6e-005056c00008","title":"eff70052-50b6-11e5-ac6e-005056c00008","start":"2015-09-01T15:37:14.000+01:00","end":"2015-09-01T15:37:14.000+01:00","allDay":false}, {"id":"8eabaefb-50ca-11e5-8af4-005056c00008","title":"8eabaefb-50ca-11e5-8af4-005056c00008","start":"2015-09-01T17:57:41.000+01:00","end":"2015-09-01T17:57:41.000+01:00","allDay":false}, {"id":"7f718885-50ce-11e5-86c8-005056c00008","title":"7f718885-50ce-11e5-86c8-005056c00008","start":"2015-09-01T18:25:53.000+01:00","end":"2015-09-01T18:25:53.000+01:00","allDay":false})

2015-09-01 20:45:09,909 - [INFO] - from application in application-akka.actor.default-dispatcher-12 
start[1440889200] end [1444518000]

2015-09-01 20:45:09,920 - [INFO] - from application in application-akka.actor.default-dispatcher-12 
events:List({"id":"a183a926-503f-11e5-ac0a-005056c00008","title":"a183a926-503f-11e5-ac0a-005056c00008","start":"2015-09-01T01:23:12.000+01:00","end":"2015-09-01T01:23:12.000+01:00","allDay":false}, {"id":"c012d787-503f-11e5-ac0a-005056c00008","title":"c012d787-503f-11e5-ac0a-005056c00008","start":"2015-09-01T01:24:04.000+01:00","end":"2015-09-01T01:24:04.000+01:00","allDay":false}, {"id":"857b2b28-5052-11e5-be33-005056c00008","title":"857b2b28-5052-11e5-be33-005056c00008","start":"2015-09-01T03:38:26.000+01:00","end":"2015-09-01T03:38:26.000+01:00","allDay":false}, {"id":"fa72b559-5052-11e5-8588-005056c00008","title":"fa72b559-5052-11e5-8588-005056c00008","start":"2015-09-01T03:41:42.000+01:00","end":"2015-09-01T03:41:42.000+01:00","allDay":false}, {"id":"eda8b7ca-5093-11e5-8588-005056c00008","title":"eda8b7ca-5093-11e5-8588-005056c00008","start":"2015-09-01T11:26:38.000+01:00","end":"2015-09-01T11:26:38.000+01:00","allDay":false}, {"id":"c1609570-50a0-11e5-9512-005056c00008","title":"c1609570-50a0-11e5-9512-005056c00008","start":"2015-09-01T12:58:27.000+01:00","end":"2015-09-01T12:58:27.000+01:00","allDay":false}, {"id":"bd2487a7-50a2-11e5-b4ac-005056c00008","title":"bd2487a7-50a2-11e5-b4ac-005056c00008","start":"2015-09-01T13:12:39.000+01:00","end":"2015-09-01T13:12:39.000+01:00","allDay":false}, {"id":"eff70052-50b6-11e5-ac6e-005056c00008","title":"eff70052-50b6-11e5-ac6e-005056c00008","start":"2015-09-01T15:37:14.000+01:00","end":"2015-09-01T15:37:14.000+01:00","allDay":false}, {"id":"8eabaefb-50ca-11e5-8af4-005056c00008","title":"8eabaefb-50ca-11e5-8af4-005056c00008","start":"2015-09-01T17:57:41.000+01:00","end":"2015-09-01T17:57:41.000+01:00","allDay":false}, {"id":"7f718885-50ce-11e5-86c8-005056c00008","title":"7f718885-50ce-11e5-86c8-005056c00008","start":"2015-09-01T18:25:53.000+01:00","end":"2015-09-01T18:25:53.000+01:00","allDay":false})

2015-09-01 20:46:45,060 - [INFO] - from controllers.UserAdminController in application-akka.actor.default-dispatcher-23 
--:Map(password -> ArrayBuffer(password), confirmPassword -> ArrayBuffer(password), changePasswordId -> ArrayBuffer(118d6c7e-50e2-11e5-913d-005056c00008), email -> ArrayBuffer(kodjo_baah@hotmail.com))

2015-09-01 20:46:45,099 - [INFO] - from controllers.UserAdminController in application-akka.actor.default-dispatcher-23 
updating passowrd

2015-09-01 20:56:20,243 - [INFO] - from play.api.libs.concurrent.ActorSystemProvider in application-akka.actor.default-dispatcher-27 
Shutdown application default Akka system: application

2015-09-01 20:56:20,474 - [INFO] - from play.api.libs.concurrent.ActorSystemProvider in application-akka.actor.default-dispatcher-27 
Starting application default Akka system: application

2015-09-01 20:56:20,760 - [INFO] - from play.api.Play$ in application-akka.actor.default-dispatcher-27 
Application started (Dev)

2015-09-01 20:56:20,781 - [INFO] - from application in application-akka.actor.default-dispatcher-2 
login

2015-09-01 20:56:20,997 - [INFO] - from application in application-akka.actor.default-dispatcher-2 
active token associated with user[Some(842c1dcf-50e3-11e5-913d-005056c00008)]

2015-09-01 20:56:22,285 - [INFO] - from application in application-akka.actor.default-dispatcher-4 
start[1440889200] end [1444518000]

2015-09-01 20:56:22,305 - [INFO] - from application in application-akka.actor.default-dispatcher-4 
events:List({"id":"a183a926-503f-11e5-ac0a-005056c00008","title":"stream-0","start":"2015-09-01T01:23:12.000+01:00","end":"2015-09-01T01:23:12.000+01:00","allDay":false}, {"id":"c012d787-503f-11e5-ac0a-005056c00008","title":"stream-1","start":"2015-09-01T01:24:04.000+01:00","end":"2015-09-01T01:24:04.000+01:00","allDay":false}, {"id":"857b2b28-5052-11e5-be33-005056c00008","title":"stream-2","start":"2015-09-01T03:38:26.000+01:00","end":"2015-09-01T03:38:26.000+01:00","allDay":false}, {"id":"fa72b559-5052-11e5-8588-005056c00008","title":"stream-3","start":"2015-09-01T03:41:42.000+01:00","end":"2015-09-01T03:41:42.000+01:00","allDay":false}, {"id":"eda8b7ca-5093-11e5-8588-005056c00008","title":"stream-4","start":"2015-09-01T11:26:38.000+01:00","end":"2015-09-01T11:26:38.000+01:00","allDay":false}, {"id":"c1609570-50a0-11e5-9512-005056c00008","title":"stream-5","start":"2015-09-01T12:58:27.000+01:00","end":"2015-09-01T12:58:27.000+01:00","allDay":false}, {"id":"bd2487a7-50a2-11e5-b4ac-005056c00008","title":"stream-6","start":"2015-09-01T13:12:39.000+01:00","end":"2015-09-01T13:12:39.000+01:00","allDay":false}, {"id":"eff70052-50b6-11e5-ac6e-005056c00008","title":"stream-7","start":"2015-09-01T15:37:14.000+01:00","end":"2015-09-01T15:37:14.000+01:00","allDay":false}, {"id":"8eabaefb-50ca-11e5-8af4-005056c00008","title":"stream-8","start":"2015-09-01T17:57:41.000+01:00","end":"2015-09-01T17:57:41.000+01:00","allDay":false}, {"id":"7f718885-50ce-11e5-86c8-005056c00008","title":"stream-9","start":"2015-09-01T18:25:53.000+01:00","end":"2015-09-01T18:25:53.000+01:00","allDay":false})

2015-09-01 21:01:55,369 - [INFO] - from play.api.libs.concurrent.ActorSystemProvider in application-akka.actor.default-dispatcher-8 
Shutdown application default Akka system: application

2015-09-01 21:01:55,560 - [INFO] - from play.api.libs.concurrent.ActorSystemProvider in application-akka.actor.default-dispatcher-8 
Starting application default Akka system: application

2015-09-01 21:01:55,944 - [INFO] - from play.api.Play$ in application-akka.actor.default-dispatcher-8 
Application started (Dev)

2015-09-01 21:01:57,060 - [INFO] - from application in application-akka.actor.default-dispatcher-6 
start[1440889200] end [1444518000]

2015-09-01 21:01:57,094 - [INFO] - from application in application-akka.actor.default-dispatcher-6 
events:List({"id":"a183a926-503f-11e5-ac0a-005056c00008","title":"stream-0","start":"2015-09-01T01:23:12.000+01:00","end":"2015-09-01T01:23:12.000+01:00","allDay":false}, {"id":"c012d787-503f-11e5-ac0a-005056c00008","title":"stream-1","start":"2015-09-01T01:24:04.000+01:00","end":"2015-09-01T01:24:04.000+01:00","allDay":false}, {"id":"857b2b28-5052-11e5-be33-005056c00008","title":"stream-2","start":"2015-09-01T03:38:26.000+01:00","end":"2015-09-01T03:38:26.000+01:00","allDay":false}, {"id":"fa72b559-5052-11e5-8588-005056c00008","title":"stream-3","start":"2015-09-01T03:41:42.000+01:00","end":"2015-09-01T03:41:42.000+01:00","allDay":false}, {"id":"eda8b7ca-5093-11e5-8588-005056c00008","title":"stream-4","start":"2015-09-01T11:26:38.000+01:00","end":"2015-09-01T11:26:38.000+01:00","allDay":false}, {"id":"c1609570-50a0-11e5-9512-005056c00008","title":"stream-5","start":"2015-09-01T12:58:27.000+01:00","end":"2015-09-01T12:58:27.000+01:00","allDay":false}, {"id":"bd2487a7-50a2-11e5-b4ac-005056c00008","title":"stream-6","start":"2015-09-01T13:12:39.000+01:00","end":"2015-09-01T13:12:39.000+01:00","allDay":false}, {"id":"eff70052-50b6-11e5-ac6e-005056c00008","title":"stream-7","start":"2015-09-01T15:37:14.000+01:00","end":"2015-09-01T15:37:14.000+01:00","allDay":false}, {"id":"8eabaefb-50ca-11e5-8af4-005056c00008","title":"stream-8","start":"2015-09-01T17:57:41.000+01:00","end":"2015-09-01T17:57:41.000+01:00","allDay":false}, {"id":"7f718885-50ce-11e5-86c8-005056c00008","title":"stream-9","start":"2015-09-01T18:25:53.000+01:00","end":"2015-09-01T18:25:53.000+01:00","allDay":false})

2015-09-01 21:09:40,551 - [INFO] - from play.api.libs.concurrent.ActorSystemProvider in application-akka.actor.default-dispatcher-9 
Shutdown application default Akka system: application

2015-09-01 21:09:40,779 - [INFO] - from play.api.libs.concurrent.ActorSystemProvider in application-akka.actor.default-dispatcher-9 
Starting application default Akka system: application

2015-09-01 21:09:41,049 - [INFO] - from play.api.Play$ in application-akka.actor.default-dispatcher-9 
Application started (Dev)

2015-09-01 21:09:42,268 - [INFO] - from application in application-akka.actor.default-dispatcher-2 
start[1440889200] end [1444518000]

2015-09-01 21:09:42,286 - [INFO] - from application in application-akka.actor.default-dispatcher-2 
events:List({"id":"a183a926-503f-11e5-ac0a-005056c00008","title":"stream-0","start":"2015-09-01T01:23:12.000+01:00","end":"2015-09-01T01:23:12.000+01:00","allDay":false}, {"id":"c012d787-503f-11e5-ac0a-005056c00008","title":"stream-1","start":"2015-09-01T01:24:04.000+01:00","end":"2015-09-01T01:24:04.000+01:00","allDay":false}, {"id":"857b2b28-5052-11e5-be33-005056c00008","title":"stream-2","start":"2015-09-01T03:38:26.000+01:00","end":"2015-09-01T03:38:26.000+01:00","allDay":false}, {"id":"fa72b559-5052-11e5-8588-005056c00008","title":"stream-3","start":"2015-09-01T03:41:42.000+01:00","end":"2015-09-01T03:41:42.000+01:00","allDay":false}, {"id":"eda8b7ca-5093-11e5-8588-005056c00008","title":"stream-4","start":"2015-09-01T11:26:38.000+01:00","end":"2015-09-01T11:26:38.000+01:00","allDay":false}, {"id":"c1609570-50a0-11e5-9512-005056c00008","title":"stream-5","start":"2015-09-01T12:58:27.000+01:00","end":"2015-09-01T12:58:27.000+01:00","allDay":false}, {"id":"bd2487a7-50a2-11e5-b4ac-005056c00008","title":"stream-6","start":"2015-09-01T13:12:39.000+01:00","end":"2015-09-01T13:12:39.000+01:00","allDay":false}, {"id":"eff70052-50b6-11e5-ac6e-005056c00008","title":"stream-7","start":"2015-09-01T15:37:14.000+01:00","end":"2015-09-01T15:37:14.000+01:00","allDay":false}, {"id":"8eabaefb-50ca-11e5-8af4-005056c00008","title":"stream-8","start":"2015-09-01T17:57:41.000+01:00","end":"2015-09-01T17:57:41.000+01:00","allDay":false}, {"id":"7f718885-50ce-11e5-86c8-005056c00008","title":"stream-9","start":"2015-09-01T18:25:53.000+01:00","end":"2015-09-01T18:25:53.000+01:00","allDay":false})

2015-09-01 21:10:41,083 - [INFO] - from play.api.libs.concurrent.ActorSystemProvider in application-akka.actor.default-dispatcher-8 
Shutdown application default Akka system: application

2015-09-01 21:10:41,236 - [INFO] - from play.api.libs.concurrent.ActorSystemProvider in application-akka.actor.default-dispatcher-8 
Starting application default Akka system: application

2015-09-01 21:10:41,507 - [INFO] - from play.api.Play$ in application-akka.actor.default-dispatcher-8 
Application started (Dev)

2015-09-01 21:10:42,323 - [INFO] - from application in application-akka.actor.default-dispatcher-6 
start[1440889200] end [1444518000]

2015-09-01 21:10:42,341 - [INFO] - from application in application-akka.actor.default-dispatcher-6 
events:List({"id":"a183a926-503f-11e5-ac0a-005056c00008","title":"stream-0","start":"2015-09-01T01:23:12.000+01:00","end":"2015-09-01T01:23:12.000+01:00","allDay":false}, {"id":"c012d787-503f-11e5-ac0a-005056c00008","title":"stream-1","start":"2015-09-01T01:24:04.000+01:00","end":"2015-09-01T01:24:04.000+01:00","allDay":false}, {"id":"857b2b28-5052-11e5-be33-005056c00008","title":"stream-2","start":"2015-09-01T03:38:26.000+01:00","end":"2015-09-01T03:38:26.000+01:00","allDay":false}, {"id":"fa72b559-5052-11e5-8588-005056c00008","title":"stream-3","start":"2015-09-01T03:41:42.000+01:00","end":"2015-09-01T03:41:42.000+01:00","allDay":false}, {"id":"eda8b7ca-5093-11e5-8588-005056c00008","title":"stream-4","start":"2015-09-01T11:26:38.000+01:00","end":"2015-09-01T11:26:38.000+01:00","allDay":false}, {"id":"c1609570-50a0-11e5-9512-005056c00008","title":"stream-5","start":"2015-09-01T12:58:27.000+01:00","end":"2015-09-01T12:58:27.000+01:00","allDay":false}, {"id":"bd2487a7-50a2-11e5-b4ac-005056c00008","title":"stream-6","start":"2015-09-01T13:12:39.000+01:00","end":"2015-09-01T13:12:39.000+01:00","allDay":false}, {"id":"eff70052-50b6-11e5-ac6e-005056c00008","title":"stream-7","start":"2015-09-01T15:37:14.000+01:00","end":"2015-09-01T15:37:14.000+01:00","allDay":false}, {"id":"8eabaefb-50ca-11e5-8af4-005056c00008","title":"stream-8","start":"2015-09-01T17:57:41.000+01:00","end":"2015-09-01T17:57:41.000+01:00","allDay":false}, {"id":"7f718885-50ce-11e5-86c8-005056c00008","title":"stream-9","start":"2015-09-01T18:25:53.000+01:00","end":"2015-09-01T18:25:53.000+01:00","allDay":false})

2015-09-01 21:17:19,704 - [INFO] - from play.api.libs.concurrent.ActorSystemProvider in application-akka.actor.default-dispatcher-5 
Shutdown application default Akka system: application

2015-09-01 21:17:19,881 - [INFO] - from play.api.libs.concurrent.ActorSystemProvider in application-akka.actor.default-dispatcher-5 
Starting application default Akka system: application

2015-09-01 21:17:20,110 - [INFO] - from play.api.Play$ in application-akka.actor.default-dispatcher-5 
Application started (Dev)

2015-09-01 21:17:34,671 - [INFO] - from application in application-akka.actor.default-dispatcher-2 
login

2015-09-01 21:17:34,858 - [INFO] - from application in application-akka.actor.default-dispatcher-2 
active token associated with user[Some(7b73e120-50e6-11e5-913d-005056c00008)]

2015-09-01 21:17:35,327 - [INFO] - from application in application-akka.actor.default-dispatcher-2 
start[1440889200] end [1444518000]

2015-09-01 21:17:35,338 - [INFO] - from application in application-akka.actor.default-dispatcher-2 
events:List({"id":"a183a926-503f-11e5-ac0a-005056c00008","title":"stream-0","start":"2015-09-01T01:23:12.000+01:00","end":"2015-09-01T01:23:12.000+01:00","allDay":false}, {"id":"c012d787-503f-11e5-ac0a-005056c00008","title":"stream-1","start":"2015-09-01T01:24:04.000+01:00","end":"2015-09-01T01:24:04.000+01:00","allDay":false}, {"id":"857b2b28-5052-11e5-be33-005056c00008","title":"stream-2","start":"2015-09-01T03:38:26.000+01:00","end":"2015-09-01T03:38:26.000+01:00","allDay":false}, {"id":"fa72b559-5052-11e5-8588-005056c00008","title":"stream-3","start":"2015-09-01T03:41:42.000+01:00","end":"2015-09-01T03:41:42.000+01:00","allDay":false}, {"id":"eda8b7ca-5093-11e5-8588-005056c00008","title":"stream-4","start":"2015-09-01T11:26:38.000+01:00","end":"2015-09-01T11:26:38.000+01:00","allDay":false}, {"id":"c1609570-50a0-11e5-9512-005056c00008","title":"stream-5","start":"2015-09-01T12:58:27.000+01:00","end":"2015-09-01T12:58:27.000+01:00","allDay":false}, {"id":"bd2487a7-50a2-11e5-b4ac-005056c00008","title":"stream-6","start":"2015-09-01T13:12:39.000+01:00","end":"2015-09-01T13:12:39.000+01:00","allDay":false}, {"id":"eff70052-50b6-11e5-ac6e-005056c00008","title":"stream-7","start":"2015-09-01T15:37:14.000+01:00","end":"2015-09-01T15:37:14.000+01:00","allDay":false}, {"id":"8eabaefb-50ca-11e5-8af4-005056c00008","title":"stream-8","start":"2015-09-01T17:57:41.000+01:00","end":"2015-09-01T17:57:41.000+01:00","allDay":false}, {"id":"7f718885-50ce-11e5-86c8-005056c00008","title":"stream-9","start":"2015-09-01T18:25:53.000+01:00","end":"2015-09-01T18:25:53.000+01:00","allDay":false})

2015-09-01 21:18:46,934 - [INFO] - from play.api.libs.concurrent.ActorSystemProvider in application-akka.actor.default-dispatcher-11 
Shutdown application default Akka system: application

2015-09-01 21:18:47,063 - [INFO] - from play.api.libs.concurrent.ActorSystemProvider in application-akka.actor.default-dispatcher-11 
Starting application default Akka system: application

2015-09-01 21:18:47,329 - [INFO] - from play.api.Play$ in application-akka.actor.default-dispatcher-11 
Application started (Dev)

2015-09-01 21:18:48,107 - [INFO] - from application in application-akka.actor.default-dispatcher-3 
start[1440889200] end [1444518000]

2015-09-01 21:19:26,053 - [INFO] - from application in application-akka.actor.default-dispatcher-7 
login

2015-09-01 21:19:26,194 - [INFO] - from application in application-akka.actor.default-dispatcher-7 
active token associated with user[Some(bdd08eb1-50e6-11e5-913d-005056c00008)]

2015-09-01 21:19:26,526 - [INFO] - from application in application-akka.actor.default-dispatcher-4 
start[1440889200] end [1444518000]

