New log file opened at Wed Aug 05 16:28:45 BST 2015 by 40086@kodjos-iMac.local
Taking next connection to: 63770
New client attempting to connect on port: 63771-63770
  Address = /192.168.0.2:63770
This client on port 63771 has uuid b2bd493c-db16-4659-bfde-ae8d0aa3f5cb configName activator humanReadableName Activator protocolVersion 3 featureTags Vector()
Connected Clients: activator-b2bd493c-db16-4659-bfde-ae8d0aa3f5cb
Taking next connection to: 63770
Checking to see if clients are empty...
We have 1 non-daemon clients, continuing serving connections.
Taking next connection to: 63770
Checking to see if clients are empty...
We have 1 non-daemon clients, continuing serving connections.
Taking next connection to: 63770
Checking to see if clients are empty...
We have 1 non-daemon clients, continuing serving connections.
Taking next connection to: 63770
Checking to see if clients are empty...
We have 1 non-daemon clients, continuing serving connections.
Taking next connection to: 63770
Checking to see if clients are empty...
No non-daemon clients connected after 3 min. Shutting down.
Server socket thread exiting.
0 clients open, will close them...
All client sockets have been closed.
